[LOGGER] 2025-03-28 08:17:13.206 PM error: uncaughtException: async is not defined
ReferenceError: async is not defined
    at file:///C:/Users/idzharchocs/Desktop/skrip/backend/src/controllers/supplier.controller.js:75:32
    at ModuleJob.run (node:internal/modules/esm/module_job:218:25)
    at async ModuleLoader.import (node:internal/modules/esm/loader:329:24)
    at async loadESM (node:internal/process/esm_loader:28:7)
    at async handleMainPromise (node:internal/modules/run_main:113:12)
[LOGGER] 2025-03-28 08:17:16.861 PM error: uncaughtException: async is not defined
ReferenceError: async is not defined
    at file:///C:/Users/idzharchocs/Desktop/skrip/backend/src/controllers/supplier.controller.js:75:32
    at ModuleJob.run (node:internal/modules/esm/module_job:218:25)
    at async ModuleLoader.import (node:internal/modules/esm/loader:329:24)
    at async loadESM (node:internal/process/esm_loader:28:7)
    at async handleMainPromise (node:internal/modules/run_main:113:12)
[LOGGER] 2025-03-28 08:22:46.551 PM error: uncaughtException: path must be a string, array of strings, or regular expression
TypeError: path must be a string, array of strings, or regular expression
    at pathToRegexp (C:\Users\idzharchocs\Desktop\skrip\backend\node_modules\path-to-regexp\index.js:69:11)
    at new Layer (C:\Users\idzharchocs\Desktop\skrip\backend\node_modules\express\lib\router\layer.js:45:17)
    at Function.route (C:\Users\idzharchocs\Desktop\skrip\backend\node_modules\express\lib\router\index.js:505:15)
    at proto.<computed> [as get] (C:\Users\idzharchocs\Desktop\skrip\backend\node_modules\express\lib\router\index.js:520:22)
    at file:///C:/Users/idzharchocs/Desktop/skrip/backend/src/routes/supplier.router.js:8:16
    at ModuleJob.run (node:internal/modules/esm/module_job:218:25)
    at async ModuleLoader.import (node:internal/modules/esm/loader:329:24)
    at async loadESM (node:internal/process/esm_loader:28:7)
    at async handleMainPromise (node:internal/modules/run_main:113:12)
[LOGGER] 2025-03-28 08:24:09.148 PM error: utils/jwt.js:verifyAccessToken - TokenExpiredError: jwt expired
[LOGGER] 2025-03-28 08:24:38.860 PM error: uncaughtException: cons is not defined
ReferenceError: cons is not defined
    at file:///C:/Users/idzharchocs/Desktop/skrip/backend/src/controllers/supplier.controller.js:96:1
    at ModuleJob.run (node:internal/modules/esm/module_job:218:25)
    at async ModuleLoader.import (node:internal/modules/esm/loader:329:24)
    at async loadESM (node:internal/process/esm_loader:28:7)
    at async handleMainPromise (node:internal/modules/run_main:113:12)
[LOGGER] 2025-03-28 08:24:54.971 PM error: uncaughtException: async is not defined
ReferenceError: async is not defined
    at file:///C:/Users/idzharchocs/Desktop/skrip/backend/src/controllers/supplier.controller.js:96:31
    at ModuleJob.run (node:internal/modules/esm/module_job:218:25)
    at async ModuleLoader.import (node:internal/modules/esm/loader:329:24)
    at async loadESM (node:internal/process/esm_loader:28:7)
    at async handleMainPromise (node:internal/modules/run_main:113:12)
[LOGGER] 2025-03-28 08:33:08.832 PM error: uncaughtException: path must be a string, array of strings, or regular expression
TypeError: path must be a string, array of strings, or regular expression
    at pathToRegexp (C:\Users\idzharchocs\Desktop\skrip\backend\node_modules\path-to-regexp\index.js:69:11)
    at new Layer (C:\Users\idzharchocs\Desktop\skrip\backend\node_modules\express\lib\router\layer.js:45:17)
    at Function.route (C:\Users\idzharchocs\Desktop\skrip\backend\node_modules\express\lib\router\index.js:505:15)
    at proto.<computed> [as post] (C:\Users\idzharchocs\Desktop\skrip\backend\node_modules\express\lib\router\index.js:520:22)
    at file:///C:/Users/idzharchocs/Desktop/skrip/backend/src/routes/supplier.router.js:12:16
    at ModuleJob.run (node:internal/modules/esm/module_job:218:25)
    at async ModuleLoader.import (node:internal/modules/esm/loader:329:24)
    at async loadESM (node:internal/process/esm_loader:28:7)
    at async handleMainPromise (node:internal/modules/run_main:113:12)
[LOGGER] 2025-03-28 08:36:23.879 PM error: utils/jwt.js:verifyAccessToken - TokenExpiredError: jwt expired
[LOGGER] 2025-03-28 08:36:34.247 PM error: uncaughtException: supplierValidation is not defined
ReferenceError: supplierValidation is not defined
    at createSupplier (file:///C:/Users/idzharchocs/Desktop/skrip/backend/src/controllers/supplier.controller.js:97:28)
    at Layer.handle [as handle_request] (C:\Users\idzharchocs\Desktop\skrip\backend\node_modules\express\lib\router\layer.js:95:5)
    at next (C:\Users\idzharchocs\Desktop\skrip\backend\node_modules\express\lib\router\route.js:149:13)
    at authenticate (file:///C:/Users/idzharchocs/Desktop/skrip/backend/src/controllers/error.controller.js:25:5)
    at Layer.handle [as handle_request] (C:\Users\idzharchocs\Desktop\skrip\backend\node_modules\express\lib\router\layer.js:95:5)
    at next (C:\Users\idzharchocs\Desktop\skrip\backend\node_modules\express\lib\router\route.js:149:13)
    at Route.dispatch (C:\Users\idzharchocs\Desktop\skrip\backend\node_modules\express\lib\router\route.js:119:3)
    at Layer.handle [as handle_request] (C:\Users\idzharchocs\Desktop\skrip\backend\node_modules\express\lib\router\layer.js:95:5)
    at C:\Users\idzharchocs\Desktop\skrip\backend\node_modules\express\lib\router\index.js:284:15
    at Function.process_params (C:\Users\idzharchocs\Desktop\skrip\backend\node_modules\express\lib\router\index.js:346:12)
[LOGGER] 2025-03-28 08:44:34.593 PM error: utils/jwt.js:verifyAccessToken - TokenExpiredError: jwt expired
[LOGGER] 2025-03-28 08:46:34.672 PM error: uncaughtException: asyn is not defined
ReferenceError: asyn is not defined
    at file:///C:/Users/idzharchocs/Desktop/skrip/backend/src/controllers/supplier.controller.js:130:31
    at ModuleJob.run (node:internal/modules/esm/module_job:218:25)
    at async ModuleLoader.import (node:internal/modules/esm/loader:329:24)
    at async loadESM (node:internal/process/esm_loader:28:7)
    at async handleMainPromise (node:internal/modules/run_main:113:12)
[LOGGER] 2025-03-28 08:46:38.553 PM error: uncaughtException: async is not defined
ReferenceError: async is not defined
    at file:///C:/Users/idzharchocs/Desktop/skrip/backend/src/controllers/supplier.controller.js:130:31
    at ModuleJob.run (node:internal/modules/esm/module_job:218:25)
    at async ModuleLoader.import (node:internal/modules/esm/loader:329:24)
    at async loadESM (node:internal/process/esm_loader:28:7)
    at async handleMainPromise (node:internal/modules/run_main:113:12)
[LOGGER] 2025-03-28 08:52:13.214 PM error: uncaughtException: path must be a string, array of strings, or regular expression
TypeError: path must be a string, array of strings, or regular expression
    at pathToRegexp (C:\Users\idzharchocs\Desktop\skrip\backend\node_modules\path-to-regexp\index.js:69:11)
    at new Layer (C:\Users\idzharchocs\Desktop\skrip\backend\node_modules\express\lib\router\layer.js:45:17)
    at Function.route (C:\Users\idzharchocs\Desktop\skrip\backend\node_modules\express\lib\router\index.js:505:15)
    at proto.<computed> [as get] (C:\Users\idzharchocs\Desktop\skrip\backend\node_modules\express\lib\router\index.js:520:22)
    at file:///C:/Users/idzharchocs/Desktop/skrip/backend/src/routes/supplier.router.js:14:16
    at ModuleJob.run (node:internal/modules/esm/module_job:218:25)
    at async ModuleLoader.import (node:internal/modules/esm/loader:329:24)
    at async loadESM (node:internal/process/esm_loader:28:7)
    at async handleMainPromise (node:internal/modules/run_main:113:12)
[LOGGER] 2025-03-28 08:52:24.099 PM error: uncaughtException: path must be a string, array of strings, or regular expression
TypeError: path must be a string, array of strings, or regular expression
    at pathToRegexp (C:\Users\idzharchocs\Desktop\skrip\backend\node_modules\path-to-regexp\index.js:69:11)
    at new Layer (C:\Users\idzharchocs\Desktop\skrip\backend\node_modules\express\lib\router\layer.js:45:17)
    at Function.route (C:\Users\idzharchocs\Desktop\skrip\backend\node_modules\express\lib\router\index.js:505:15)
    at proto.<computed> [as put] (C:\Users\idzharchocs\Desktop\skrip\backend\node_modules\express\lib\router\index.js:520:22)
    at file:///C:/Users/idzharchocs/Desktop/skrip/backend/src/routes/supplier.router.js:14:16
    at ModuleJob.run (node:internal/modules/esm/module_job:218:25)
    at async ModuleLoader.import (node:internal/modules/esm/loader:329:24)
    at async loadESM (node:internal/process/esm_loader:28:7)
    at async handleMainPromise (node:internal/modules/run_main:113:12)
[LOGGER] 2025-03-28 08:55:44.016 PM error: uncaughtException: async is not defined
ReferenceError: async is not defined
    at file:///C:/Users/idzharchocs/Desktop/skrip/backend/src/controllers/supplier.controller.js:166:31
    at ModuleJob.run (node:internal/modules/esm/module_job:218:25)
    at async ModuleLoader.import (node:internal/modules/esm/loader:329:24)
    at async loadESM (node:internal/process/esm_loader:28:7)
    at async handleMainPromise (node:internal/modules/run_main:113:12)
[LOGGER] 2025-03-28 08:55:47.372 PM error: uncaughtException: async is not defined
ReferenceError: async is not defined
    at file:///C:/Users/idzharchocs/Desktop/skrip/backend/src/controllers/supplier.controller.js:166:31
    at ModuleJob.run (node:internal/modules/esm/module_job:218:25)
    at async ModuleLoader.import (node:internal/modules/esm/loader:329:24)
    at async loadESM (node:internal/process/esm_loader:28:7)
    at async handleMainPromise (node:internal/modules/run_main:113:12)
[LOGGER] 2025-03-28 08:58:48.191 PM error: uncaughtException: det is not defined
ReferenceError: det is not defined
    at file:///C:/Users/idzharchocs/Desktop/skrip/backend/src/routes/supplier.router.js:16:55
    at ModuleJob.run (node:internal/modules/esm/module_job:218:25)
    at async ModuleLoader.import (node:internal/modules/esm/loader:329:24)
    at async loadESM (node:internal/process/esm_loader:28:7)
    at async handleMainPromise (node:internal/modules/run_main:113:12)
[LOGGER] 2025-03-28 08:59:59.208 PM error: utils/jwt.js:verifyAccessToken - TokenExpiredError: jwt expired
